
> react-typescript-starter@0.1.0 test
> react-scripts test "--coverage"

PASS src/nested.test.ts
PASS src/arrays.test.ts
PASS src/objects.test.ts
PASS src/components/StartAttempt.test.tsx
PASS src/components/TwoDice.test.tsx
PASS src/form-components/MultipleChoiceQuestion.test.tsx
PASS src/bad-components/ChooseTeam.test.tsx
PASS src/bad-components/DoubleHalf.test.tsx
PASS src/functions.test.ts
PASS src/form-components/CheckAnswer.test.tsx
PASS src/form-components/EditMode.test.tsx
PASS src/components/ChangeType.test.tsx
PASS src/components/CycleHoliday.test.tsx
PASS src/form-components/GiveAttempts.test.tsx
PASS src/form-components/ChangeColor.test.tsx
PASS src/components/Counter.test.tsx
PASS src/components/RevealAnswer.test.tsx
PASS src/bad-components/ColoredBox.test.tsx
PASS src/bad-components/ShoveBox.test.tsx
FAIL src/quizzer/Quizzer.test.tsx
  ● Sketch test › The sketch renders

    TestingLibraryElementError: Unable to find an element with the alt text: Should be a picture here

    Ignored nodes: comments, <script />, <style />
    [36m<body>[39m
      [36m<div>[39m
        [36m<h3>[39m
          [0mQuizzer[0m
        [36m</h3>[39m
      [36m</div>[39m
    [36m</body>[39m

      18 |     });
      19 |     test("The sketch renders", () => {
    > 20 |         const isImg = screen.getAllByAltText("Should be a picture here");
         |                              ^
      21 |         expect(isImg).toEqual("Should be a picture here");
      22 |     });
      23 | });

      at Object.getElementError (node_modules/@testing-library/dom/dist/config.js:38:19)
      at node_modules/@testing-library/dom/dist/query-helpers.js:90:38
      at getAllByAltText (node_modules/@testing-library/dom/dist/query-helpers.js:130:15)
      at Object.<anonymous> (src/quizzer/Quizzer.test.tsx:20:30)

PASS src/App.test.tsx
-----------------------------|---------|----------|---------|---------|-------------------
File                         | % Stmts | % Branch | % Funcs | % Lines | Uncovered Line #s 
-----------------------------|---------|----------|---------|---------|-------------------
All files                    |    82.8 |    80.33 |   81.32 |   82.09 |                   
 src                         |   99.48 |    98.68 |     100 |   99.44 |                   
  App.tsx                    |     100 |      100 |     100 |     100 |                   
  arrays.ts                  |     100 |      100 |     100 |     100 |                   
  functions.ts               |     100 |      100 |     100 |     100 |                   
  nested.ts                  |   98.59 |       96 |     100 |   98.52 | 301               
  objects.ts                 |     100 |      100 |     100 |     100 |                   
 src/bad-components          |   96.87 |       50 |     100 |   96.66 |                   
  ChooseTeam.tsx             |   92.85 |       50 |     100 |   92.85 | 17                
  ColoredBox.tsx             |     100 |      100 |     100 |     100 |                   
  DoubleHalf.tsx             |     100 |      100 |     100 |     100 |                   
  ShoveBox.tsx               |     100 |      100 |     100 |     100 |                   
 src/components              |   98.14 |     97.5 |      95 |   98.14 |                   
  ChangeType.tsx             |     100 |      100 |     100 |     100 |                   
  Counter.tsx                |     100 |      100 |     100 |     100 |                   
  CycleHoliday.tsx           |     100 |      100 |     100 |     100 |                   
  RevealAnswer.tsx           |     100 |      100 |     100 |     100 |                   
  ShowHideTasks.tsx          |   66.66 |       50 |      50 |   66.66 | 63                
  StartAttempt.tsx           |     100 |      100 |     100 |     100 |                   
  TwoDice.tsx                |     100 |      100 |     100 |     100 |                   
 src/form-components         |     100 |      100 |     100 |     100 |                   
  ChangeColor.tsx            |     100 |      100 |     100 |     100 |                   
  CheckAnswer.tsx            |     100 |      100 |     100 |     100 |                   
  EditMode.tsx               |     100 |      100 |     100 |     100 |                   
  GiveAttempts.tsx           |     100 |      100 |     100 |     100 |                   
  MultipleChoiceQuestion.tsx |     100 |      100 |     100 |     100 |                   
 src/interfaces              |     100 |      100 |     100 |     100 |                   
  answer.ts                  |       0 |        0 |       0 |       0 |                   
  multQuest.ts               |       0 |        0 |       0 |       0 |                   
  myQuestion.ts              |     100 |      100 |     100 |     100 |                   
  question.ts                |       0 |        0 |       0 |       0 |                   
  quiz_int.ts                |     100 |      100 |     100 |     100 |                   
  shortQuest.ts              |       0 |        0 |       0 |       0 |                   
 src/quizzer                 |   11.42 |    18.42 |   11.76 |   11.42 |                   
  QuestionComponent.tsx      |       0 |        0 |       0 |       0 | 22-229            
  Quiz.tsx                   |      25 |    38.88 |    12.5 |      25 | 20-45,70-93       
  QuizList.tsx               |      60 |      100 |   66.66 |      60 | 12-22             
  Quizzer.tsx                |     100 |      100 |     100 |     100 |                   
-----------------------------|---------|----------|---------|---------|-------------------

Summary of all failing tests
FAIL src/quizzer/Quizzer.test.tsx
  ● Sketch test › The sketch renders

    TestingLibraryElementError: Unable to find an element with the alt text: Should be a picture here

    Ignored nodes: comments, <script />, <style />
    [36m<body>[39m
      [36m<div>[39m
        [36m<h3>[39m
          [0mQuizzer[0m
        [36m</h3>[39m
      [36m</div>[39m
    [36m</body>[39m

      18 |     });
      19 |     test("The sketch renders", () => {
    > 20 |         const isImg = screen.getAllByAltText("Should be a picture here");
         |                              ^
      21 |         expect(isImg).toEqual("Should be a picture here");
      22 |     });
      23 | });

      at Object.getElementError (node_modules/@testing-library/dom/dist/config.js:38:19)
      at node_modules/@testing-library/dom/dist/query-helpers.js:90:38
      at getAllByAltText (node_modules/@testing-library/dom/dist/query-helpers.js:130:15)
      at Object.<anonymous> (src/quizzer/Quizzer.test.tsx:20:30)


Test Suites: 1 failed, 20 passed, 21 total
Tests:       1 failed, 135 passed, 136 total
Snapshots:   0 total
Time:        13.348 s
Ran all test suites.
